/home/parveen/MeraMap/newmap/mapnik
render_tiles( (75.724000000000004, 30.73, 76.046999999999997, 30.969999999999999) /home/parveen/bin/mapnik/osm.xml /var/www/ 0 0 World )
World : 0 0 0  
render_tiles( (75.724000000000004, 30.73, 76.046999999999997, 30.969999999999999) /home/parveen/bin/mapnik/osm.xml /var/www/ 8 15 unknown )
unknown : 8 182 104  
unknown : 8 181 105  
unknown : 8 181 104  
unknown : 8 182 105  
unknown : 9 364 210  
unknown : 9 364 209  
unknown : 9 363 210  
unknown : 9 363 209  
unknown : 10 728 420  
unknown : 10 728 419  
unknown : 10 727 419  
unknown : 10 727 420  
unknown : 11 1454 840  
unknown : 11 1454 838  
unknown : 11 1454 839  
unknown : 11 1455 840  
unknown : 11 1455 838  
unknown : 11 1456 840  
unknown : 11 1456 838  
unknown : 11 1455 839  
unknown : 12 2909 1679  
unknown : 11 1456 839  
unknown : 12 2909 1678  
unknown : 12 2909 1677  
unknown : 12 2909 1680  
unknown : 12 2910 1680  
unknown : 12 2910 1679  
unknown : 12 2910 1677  
unknown : 12 2910 1678  
unknown : 12 2911 1679  
unknown : 12 2911 1680  
unknown : 12 2911 1677  
unknown : 12 2911 1678  
unknown : 12 2912 1679  
unknown : 12 2912 1678  
unknown : 12 2912 1677  
unknown : 12 2912 1680  
unknown : 12 2913 1679  
unknown : 12 2913 1677  
unknown : 12 2913 1678  
unknown : 12 2913 1680  
unknown : 13 5819 3354  
unknown : 13 5819 3356  
unknown : 13 5819 3355  
unknown : 13 5819 3357  
unknown : 13 5819 3359  
unknown : 13 5819 3358  
unknown : 13 5820 3354  
unknown : 13 5819 3360  
unknown : 13 5820 3355  
unknown : 13 5820 3358  
unknown : 13 5820 3357  
unknown : 13 5820 3356  
unknown : 13 5820 3359  
unknown : 13 5820 3360  
unknown : 13 5821 3354  
unknown : 13 5821 3355  
unknown : 13 5821 3358  
unknown : 13 5821 3357  
unknown : 13 5821 3359  
unknown : 13 5821 3360  
unknown : 13 5821 3356  
unknown : 13 5822 3354  
unknown : 13 5822 3355  
unknown : 13 5822 3358  
unknown : 13 5822 3357  
unknown : 13 5822 3360  
unknown : 13 5822 3359  
unknown : 13 5822 3356  
unknown : 13 5823 3354  
unknown : 13 5823 3355  
unknown : 13 5823 3358  
unknown : 13 5823 3356  
unknown : 13 5823 3357  
unknown : 13 5823 3359  
unknown : 13 5823 3360  
unknown : 13 5824 3355  
unknown : 13 5824 3354  
unknown : 13 5824 3356  
unknown : 13 5824 3357  
unknown : 13 5824 3359  
unknown : 13 5824 3360  
unknown : 13 5824 3358  
unknown : 13 5825 3354  
unknown : 13 5825 3355  
unknown : 13 5825 3357  
unknown : 13 5825 3356  
unknown : 13 5825 3358  
unknown : 13 5826 3355  
unknown : 13 5826 3354  
unknown : 13 5825 3359  
unknown : 13 5825 3360  
unknown : 13 5826 3357  
unknown : 13 5826 3359  
unknown : 13 5826 3358  
unknown : 13 5826 3356  
unknown : 13 5826 3360   Empty Tile 
unknown : 14 11638 6710  
unknown : 14 11638 6709  
unknown : 14 11638 6708   Empty Tile 
unknown : 14 11638 6711  
unknown : 14 11638 6712  
unknown : 14 11638 6713  
unknown : 14 11638 6714  
unknown : 14 11638 6718  
unknown : 14 11638 6717   Empty Tile 
unknown : 14 11638 6716  
unknown : 14 11638 6715  
unknown : 14 11638 6719  
unknown : 14 11639 6708  
unknown : 14 11638 6720   Empty Tile 
unknown : 14 11638 6721  
unknown : 14 11639 6709  
unknown : 14 11639 6710  
unknown : 14 11639 6711  
unknown : 14 11639 6712   Empty Tile 
unknown : 14 11639 6713  
unknown : 14 11639 6715  
unknown : 14 11639 6716  
unknown : 14 11639 6714  
unknown : 14 11639 6717  
unknown : 14 11639 6720  
unknown : 14 11639 6719  
unknown : 14 11639 6721  
unknown : 14 11639 6718  
unknown : 14 11640 6708  
unknown : 14 11640 6709  
unknown : 14 11640 6711  
unknown : 14 11640 6710  
unknown : 14 11640 6712  
unknown : 14 11640 6715  
unknown : 14 11640 6714  
unknown : 14 11640 6713  
unknown : 14 11640 6717  
unknown : 14 11640 6719  
unknown : 14 11640 6716  
unknown : 14 11640 6718  
unknown : 14 11640 6721  
unknown : 14 11641 6708  
unknown : 14 11640 6720  
unknown : 14 11641 6709  
unknown : 14 11641 6710  
unknown : 14 11641 6712  
unknown : 14 11641 6713  
unknown : 14 11641 6711  
unknown : 14 11641 6717  
unknown : 14 11641 6715  
unknown : 14 11641 6716  
unknown : 14 11641 6714  
unknown : 14 11641 6719  
unknown : 14 11641 6720  
unknown : 14 11641 6718  
unknown : 14 11641 6721  
unknown : 14 11642 6708  
unknown : 14 11642 6709  
unknown : 14 11642 6710  
unknown : 14 11642 6711  
unknown : 14 11642 6712  
unknown : 14 11642 6713  
unknown : 14 11642 6715  
unknown : 14 11642 6714  
unknown : 14 11642 6718  
unknown : 14 11642 6719  
unknown : 14 11642 6717  
unknown : 14 11642 6716  
unknown : 14 11642 6721  
unknown : 14 11643 6709  
unknown : 14 11642 6720  
unknown : 14 11643 6708   Empty Tile 
unknown : 14 11643 6710  
unknown : 14 11643 6711  
unknown : 14 11643 6712  
unknown : 14 11643 6713  
unknown : 14 11643 6715  
unknown : 14 11643 6714  
unknown : 14 11643 6717  
unknown : 14 11643 6716  
unknown : 14 11643 6718  
unknown : 14 11643 6719  
unknown : 14 11643 6721  
unknown : 14 11643 6720  
unknown : 14 11644 6708   Empty Tile 
unknown : 14 11644 6709  
unknown : 14 11644 6710  
unknown : 14 11644 6711  
unknown : 14 11644 6712  
unknown : 14 11644 6713  
unknown : 14 11644 6715  
unknown : 14 11644 6716  
unknown : 14 11644 6714  
unknown : 14 11644 6717  
unknown : 14 11644 6718  
unknown : 14 11644 6720  
unknown : 14 11644 6719  
unknown : 14 11645 6708   Empty Tile 
unknown : 14 11644 6721  
unknown : 14 11645 6709  
unknown : 14 11645 6710  
unknown : 14 11645 6711  
unknown : 14 11645 6712  
unknown : 14 11645 6713  
unknown : 14 11645 6715  
unknown : 14 11645 6714  
unknown : 14 11645 6716  
unknown : 14 11645 6720  
unknown : 14 11645 6719  
unknown : 14 11645 6717  
unknown : 14 11645 6718  
unknown : 14 11645 6721  
unknown : 14 11646 6708  
unknown : 14 11646 6709  
unknown : 14 11646 6710  
unknown : 14 11646 6711  
unknown : 14 11646 6712  
unknown : 14 11646 6713  
unknown : 14 11646 6714  
unknown : 14 11646 6715  
unknown : 14 11646 6717  
unknown : 14 11646 6718  
unknown : 14 11646 6716  
unknown : 14 11646 6719  
unknown : 14 11646 6721  
unknown : 14 11646 6720  
unknown : 14 11647 6709  
unknown : 14 11647 6708  
unknown : 14 11647 6710  
unknown : 14 11647 6711  
unknown : 14 11647 6713  
unknown : 14 11647 6712  
unknown : 14 11647 6714  
unknown : 14 11647 6715  
unknown : 14 11647 6716  
unknown : 14 11647 6717  
unknown : 14 11647 6718  
unknown : 14 11647 6720  
unknown : 14 11647 6719  
unknown : 14 11647 6721  
unknown : 14 11648 6708  
unknown : 14 11648 6711  
unknown : 14 11648 6712  
unknown : 14 11648 6709   Empty Tile 
unknown : 14 11648 6710  
unknown : 14 11648 6715  
unknown : 14 11648 6716  
unknown : 14 11648 6714  
unknown : 14 11648 6713  
unknown : 14 11648 6718  
unknown : 14 11648 6719  
unknown : 14 11648 6717  
unknown : 14 11648 6720  
unknown : 14 11648 6721  
unknown : 14 11649 6709   Empty Tile 
unknown : 14 11649 6708  
unknown : 14 11649 6710  
unknown : 14 11649 6713  
unknown : 14 11649 6714  
unknown : 14 11649 6712  
unknown : 14 11649 6711  
unknown : 14 11649 6717  
unknown : 14 11649 6716  
unknown : 14 11649 6718  
unknown : 14 11649 6715  
unknown : 14 11649 6721   Empty Tile 
unknown : 14 11650 6708  
unknown : 14 11649 6720  
unknown : 14 11649 6719  
unknown : 14 11650 6709   Empty Tile 
unknown : 14 11650 6712  
unknown : 14 11650 6711  
unknown : 14 11650 6710  
unknown : 14 11650 6713  
unknown : 14 11650 6714  
unknown : 14 11650 6715  
unknown : 14 11650 6716  
unknown : 14 11650 6720   Empty Tile 
unknown : 14 11650 6717  
unknown : 14 11650 6719  
unknown : 14 11650 6718  
unknown : 14 11651 6709   Empty Tile 
unknown : 14 11651 6710  
unknown : 14 11650 6721   Empty Tile 
unknown : 14 11651 6708  
unknown : 14 11651 6711  
unknown : 14 11651 6713  
unknown : 14 11651 6712   Empty Tile 
unknown : 14 11651 6714  
unknown : 14 11651 6715  
unknown : 14 11651 6717  
unknown : 14 11651 6716  
unknown : 14 11651 6719  
unknown : 14 11651 6718  
unknown : 14 11652 6708  
unknown : 14 11651 6720  
unknown : 14 11652 6709   Empty Tile 
unknown : 14 11651 6721  
unknown : 14 11652 6712   Empty Tile 
unknown : 14 11652 6710   Empty Tile 
unknown : 14 11652 6711  
unknown : 14 11652 6713  
unknown : 14 11652 6714  
unknown : 14 11652 6715   Empty Tile 
unknown : 14 11652 6717  
unknown : 14 11652 6716  
unknown : 14 11652 6721   Empty Tile 
unknown : 14 11652 6718  
unknown : 14 11652 6719   Empty Tile 
unknown : 14 11652 6720   Empty Tile 
unknown : 15 23276 13418  
unknown : 15 23276 13416   Empty Tile 
unknown : 15 23276 13417   Empty Tile 
unknown : 15 23276 13419   Empty Tile 
unknown : 15 23276 13421  
unknown : 15 23276 13420  
unknown : 15 23276 13422  
unknown : 15 23276 13423  
unknown : 15 23276 13424  
unknown : 15 23276 13427  
unknown : 15 23276 13425   Empty Tile 
unknown : 15 23276 13426   Empty Tile 
unknown : 15 23276 13430   Empty Tile 
unknown : 15 23276 13429  
unknown : 15 23276 13428  
unknown : 15 23276 13431  
unknown : 15 23276 13432   Empty Tile 
unknown : 15 23276 13433   Empty Tile 
unknown : 15 23276 13435   Empty Tile 
unknown : 15 23276 13434   Empty Tile 
unknown : 15 23276 13436   Empty Tile 
unknown : 15 23276 13439   Empty Tile 
unknown : 15 23276 13438  
unknown : 15 23276 13440   Empty Tile 
unknown : 15 23276 13437  
unknown : 15 23276 13441   Empty Tile 
unknown : 15 23277 13416   Empty Tile 
unknown : 15 23277 13417   Empty Tile 
unknown : 15 23276 13442   Empty Tile 
unknown : 15 23277 13418  
unknown : 15 23277 13420  
unknown : 15 23277 13422  
unknown : 15 23277 13419  
unknown : 15 23277 13421  
unknown : 15 23277 13424  
unknown : 15 23277 13423  
unknown : 15 23277 13426   Empty Tile 
unknown : 15 23277 13425   Empty Tile 
unknown : 15 23277 13430  
unknown : 15 23277 13428  
unknown : 15 23277 13427  
unknown : 15 23277 13429   Empty Tile 
unknown : 15 23277 13431  
unknown : 15 23277 13433  
unknown : 15 23277 13434   Empty Tile 
unknown : 15 23277 13432  
unknown : 15 23277 13435   Empty Tile 
unknown : 15 23277 13437  
unknown : 15 23277 13436  
unknown : 15 23277 13439  
unknown : 15 23277 13438  
unknown : 15 23277 13440   Empty Tile 
unknown : 15 23277 13441   Empty Tile 
unknown : 15 23278 13416   Empty Tile 
unknown : 15 23277 13442   Empty Tile 
unknown : 15 23278 13417   Empty Tile 
unknown : 15 23278 13418  
unknown : 15 23278 13421  
unknown : 15 23278 13419  
unknown : 15 23278 13420   Empty Tile 
unknown : 15 23278 13422  
unknown : 15 23278 13424   Empty Tile 
unknown : 15 23278 13423  
unknown : 15 23278 13425   Empty Tile 
unknown : 15 23278 13426   Empty Tile 
unknown : 15 23278 13429  
unknown : 15 23278 13428  
unknown : 15 23278 13427  
unknown : 15 23278 13430  
unknown : 15 23278 13432  
unknown : 15 23278 13433  
unknown : 15 23278 13431  
unknown : 15 23278 13434   Empty Tile 
unknown : 15 23278 13435  
unknown : 15 23278 13436  
unknown : 15 23278 13437  
unknown : 15 23278 13438  
unknown : 15 23278 13439   Empty Tile 
unknown : 15 23278 13440  
unknown : 15 23278 13441   Empty Tile 
unknown : 15 23278 13442   Empty Tile 
unknown : 15 23279 13416   Empty Tile 
unknown : 15 23279 13417  
unknown : 15 23279 13419  
unknown : 15 23279 13418  
unknown : 15 23279 13420   Empty Tile 
unknown : 15 23279 13421  
unknown : 15 23279 13422   Empty Tile 
unknown : 15 23279 13423  
unknown : 15 23279 13424   Empty Tile 
unknown : 15 23279 13425   Empty Tile 
unknown : 15 23279 13428  
unknown : 15 23279 13427  
unknown : 15 23279 13426  
unknown : 15 23279 13429   Empty Tile 
unknown : 15 23279 13431   Empty Tile 
unknown : 15 23279 13433  
unknown : 15 23279 13432  
unknown : 15 23279 13430  
unknown : 15 23279 13436  
unknown : 15 23279 13434  
unknown : 15 23279 13437  
unknown : 15 23279 13435  
unknown : 15 23279 13439   Empty Tile 
unknown : 15 23279 13438  
unknown : 15 23279 13440  
unknown : 15 23279 13441   Empty Tile 
unknown : 15 23280 13417  
unknown : 15 23280 13416   Empty Tile 
unknown : 15 23279 13442   Empty Tile 
unknown : 15 23280 13418   Empty Tile 
unknown : 15 23280 13422  
unknown : 15 23280 13419  
unknown : 15 23280 13420  
unknown : 15 23280 13421  
unknown : 15 23280 13424   Empty Tile 
unknown : 15 23280 13426  
unknown : 15 23280 13425   Empty Tile 
unknown : 15 23280 13423  
unknown : 15 23280 13429   Empty Tile 
unknown : 15 23280 13427  
unknown : 15 23280 13430  
unknown : 15 23280 13428  
unknown : 15 23280 13432  
unknown : 15 23280 13434  
unknown : 15 23280 13431   Empty Tile 
unknown : 15 23280 13433  
unknown : 15 23280 13436  
unknown : 15 23280 13435  
unknown : 15 23280 13438  
unknown : 15 23280 13437  
unknown : 15 23280 13439  
unknown : 15 23280 13442   Empty Tile 
unknown : 15 23280 13441   Empty Tile 
unknown : 15 23280 13440  
unknown : 15 23281 13418  
unknown : 15 23281 13419   Empty Tile 
unknown : 15 23281 13417  
unknown : 15 23281 13416  
unknown : 15 23281 13420  
unknown : 15 23281 13421  
unknown : 15 23281 13422  
unknown : 15 23281 13423  
unknown : 15 23281 13424  
unknown : 15 23281 13425  
unknown : 15 23281 13427  
unknown : 15 23281 13426  
unknown : 15 23281 13428  
unknown : 15 23281 13430  
unknown : 15 23281 13431  
unknown : 15 23281 13429   Empty Tile 
unknown : 15 23281 13432  
unknown : 15 23281 13434  
unknown : 15 23281 13436  
unknown : 15 23281 13433  
unknown : 15 23281 13435  
unknown : 15 23281 13438  
unknown : 15 23281 13440  
unknown : 15 23281 13437  
unknown : 15 23281 13439  
unknown : 15 23282 13416  
unknown : 15 23281 13441  
unknown : 15 23281 13442   Empty Tile 
unknown : 15 23282 13417  
unknown : 15 23282 13420   Empty Tile 
unknown : 15 23282 13418  
unknown : 15 23282 13421  
unknown : 15 23282 13419   Empty Tile 
unknown : 15 23282 13424  
unknown : 15 23282 13422  
unknown : 15 23282 13423  
unknown : 15 23282 13425  
unknown : 15 23282 13429  
unknown : 15 23282 13426  
unknown : 15 23282 13427  
unknown : 15 23282 13428   Empty Tile 
unknown : 15 23282 13430  
unknown : 15 23282 13432   Empty Tile 
unknown : 15 23282 13431  
unknown : 15 23282 13433  
unknown : 15 23282 13436  
unknown : 15 23282 13437  
unknown : 15 23282 13434  
unknown : 15 23282 13435  
unknown : 15 23282 13438  
unknown : 15 23282 13440  
unknown : 15 23282 13441  
unknown : 15 23282 13439  
unknown : 15 23283 13416  
unknown : 15 23282 13442  
unknown : 15 23283 13417  
unknown : 15 23283 13418  
unknown : 15 23283 13421  
unknown : 15 23283 13420  
unknown : 15 23283 13419  
unknown : 15 23283 13422  
unknown : 15 23283 13426  
unknown : 15 23283 13425  
unknown : 15 23283 13423  
unknown : 15 23283 13424  
unknown : 15 23283 13427  
unknown : 15 23283 13430  
unknown : 15 23283 13429  
unknown : 15 23283 13428  
unknown : 15 23283 13431  
unknown : 15 23283 13433  
unknown : 15 23283 13432  
unknown : 15 23283 13435  
unknown : 15 23283 13434  
unknown : 15 23283 13437  
unknown : 15 23283 13439  
unknown : 15 23283 13438   Empty Tile 
unknown : 15 23283 13436  
unknown : 15 23284 13416  
unknown : 15 23283 13440  
unknown : 15 23283 13441  
unknown : 15 23283 13442  
unknown : 15 23284 13417  
unknown : 15 23284 13419  
unknown : 15 23284 13418  
unknown : 15 23284 13420  
unknown : 15 23284 13421  
unknown : 15 23284 13422  
unknown : 15 23284 13424  
unknown : 15 23284 13423  
unknown : 15 23284 13426  
unknown : 15 23284 13428  
unknown : 15 23284 13427  
unknown : 15 23284 13425  
unknown : 15 23284 13432  
unknown : 15 23284 13431  
unknown : 15 23284 13429  
unknown : 15 23284 13430  
unknown : 15 23284 13434  
unknown : 15 23284 13433  
unknown : 15 23284 13436  
unknown : 15 23284 13435  
unknown : 15 23284 13438   Empty Tile 
unknown : 15 23284 13439  
unknown : 15 23284 13437   Empty Tile 
unknown : 15 23284 13440  
unknown : 15 23285 13417  
unknown : 15 23285 13416   Empty Tile 
unknown : 15 23284 13441  
unknown : 15 23284 13442  
unknown : 15 23285 13418  
unknown : 15 23285 13419  
unknown : 15 23285 13420  
unknown : 15 23285 13421  
unknown : 15 23285 13425  
unknown : 15 23285 13424  
unknown : 15 23285 13423  
unknown : 15 23285 13422  
unknown : 15 23285 13429   Empty Tile 
unknown : 15 23285 13428  
unknown : 15 23285 13427  
unknown : 15 23285 13426  
unknown : 15 23285 13430  
unknown : 15 23285 13433  
unknown : 15 23285 13432  
unknown : 15 23285 13431  
unknown : 15 23285 13434  
unknown : 15 23285 13436  
unknown : 15 23285 13435  
unknown : 15 23285 13437  
unknown : 15 23285 13438  
unknown : 15 23285 13440  
unknown : 15 23285 13442  
unknown : 15 23285 13441  
unknown : 15 23285 13439  
unknown : 15 23286 13417   Empty Tile 
unknown : 15 23286 13418  
unknown : 15 23286 13416   Empty Tile 
unknown : 15 23286 13419  
unknown : 15 23286 13420  
unknown : 15 23286 13421  
unknown : 15 23286 13422  
unknown : 15 23286 13423  
unknown : 15 23286 13424  
unknown : 15 23286 13425  
unknown : 15 23286 13426  
unknown : 15 23286 13427  
unknown : 15 23286 13428  
unknown : 15 23286 13429  
unknown : 15 23286 13430  
unknown : 15 23286 13431  
unknown : 15 23286 13432  
unknown : 15 23286 13433  
unknown : 15 23286 13434  
unknown : 15 23286 13435  
unknown : 15 23286 13437   Empty Tile 
unknown : 15 23286 13436  
unknown : 15 23286 13438  
unknown : 15 23286 13439  
unknown : 15 23286 13440   Empty Tile 
unknown : 15 23286 13441  
unknown : 15 23287 13416   Empty Tile 
unknown : 15 23286 13442   Empty Tile 
unknown : 15 23287 13417   Empty Tile 
unknown : 15 23287 13418   Empty Tile 
unknown : 15 23287 13419   Empty Tile 
unknown : 15 23287 13420  
unknown : 15 23287 13421  
unknown : 15 23287 13422  
unknown : 15 23287 13423  
unknown : 15 23287 13425  
unknown : 15 23287 13424  
unknown : 15 23287 13426  
unknown : 15 23287 13429  
unknown : 15 23287 13428  
unknown : 15 23287 13427  
unknown : 15 23287 13430  
unknown : 15 23287 13432  
unknown : 15 23287 13431  
unknown : 15 23287 13434  
unknown : 15 23287 13433  
unknown : 15 23287 13437  
unknown : 15 23287 13436  
unknown : 15 23287 13435  
unknown : 15 23287 13438  
unknown : 15 23287 13439  
unknown : 15 23287 13440  
unknown : 15 23287 13442  
unknown : 15 23287 13441  
unknown : 15 23288 13418  
unknown : 15 23288 13417   Empty Tile 
unknown : 15 23288 13419  
unknown : 15 23288 13416   Empty Tile 
unknown : 15 23288 13420  
unknown : 15 23288 13421  
unknown : 15 23288 13423  
unknown : 15 23288 13422  
unknown : 15 23288 13424  
unknown : 15 23288 13425  
unknown : 15 23288 13426  
unknown : 15 23288 13427  
unknown : 15 23288 13428  
unknown : 15 23288 13429  
unknown : 15 23288 13431  
unknown : 15 23288 13430  
unknown : 15 23288 13432  
unknown : 15 23288 13433  
unknown : 15 23288 13435  
unknown : 15 23288 13434  
unknown : 15 23288 13436  
unknown : 15 23288 13437  
unknown : 15 23288 13438  
unknown : 15 23288 13439  
unknown : 15 23288 13440  
unknown : 15 23288 13442  
unknown : 15 23288 13441  
unknown : 15 23289 13416   Empty Tile 
unknown : 15 23289 13417   Empty Tile 
unknown : 15 23289 13419  
unknown : 15 23289 13420  
unknown : 15 23289 13418  
unknown : 15 23289 13421  
unknown : 15 23289 13422  
unknown : 15 23289 13423  
unknown : 15 23289 13424  
unknown : 15 23289 13425  
unknown : 15 23289 13426  
unknown : 15 23289 13429  
unknown : 15 23289 13427  
unknown : 15 23289 13428  
unknown : 15 23289 13430  
unknown : 15 23289 13432  
unknown : 15 23289 13433  
unknown : 15 23289 13431  
unknown : 15 23289 13436  
unknown : 15 23289 13435  
unknown : 15 23289 13437  
unknown : 15 23289 13434  
unknown : 15 23289 13438   Empty Tile 
unknown : 15 23289 13440  
unknown : 15 23289 13439  
unknown : 15 23289 13441  
unknown : 15 23290 13417   Empty Tile 
unknown : 15 23290 13416   Empty Tile 
unknown : 15 23289 13442   Empty Tile 
unknown : 15 23290 13418  
unknown : 15 23290 13419  
unknown : 15 23290 13420  
unknown : 15 23290 13421  
unknown : 15 23290 13422  
unknown : 15 23290 13424  
unknown : 15 23290 13423  
unknown : 15 23290 13425  
unknown : 15 23290 13426  
unknown : 15 23290 13429  
unknown : 15 23290 13428  
unknown : 15 23290 13430  
unknown : 15 23290 13427  
unknown : 15 23290 13434  
unknown : 15 23290 13432  
unknown : 15 23290 13433  
unknown : 15 23290 13431  
unknown : 15 23290 13438  
unknown : 15 23290 13436  
unknown : 15 23290 13437  
unknown : 15 23290 13435  
unknown : 15 23290 13442  
unknown : 15 23290 13440   Empty Tile 
unknown : 15 23290 13441  
unknown : 15 23290 13439  
unknown : 15 23291 13418   Empty Tile 
unknown : 15 23291 13419  
unknown : 15 23291 13416   Empty Tile 
unknown : 15 23291 13417   Empty Tile 
unknown : 15 23291 13420  
unknown : 15 23291 13421  
unknown : 15 23291 13423  
unknown : 15 23291 13422  
unknown : 15 23291 13424  
unknown : 15 23291 13425  
unknown : 15 23291 13426  
unknown : 15 23291 13427  
unknown : 15 23291 13429  
unknown : 15 23291 13428  
unknown : 15 23291 13431  
unknown : 15 23291 13430  
unknown : 15 23291 13433  
unknown : 15 23291 13432  
unknown : 15 23291 13435  
unknown : 15 23291 13434  
unknown : 15 23291 13436  
unknown : 15 23291 13437  
unknown : 15 23291 13438  
unknown : 15 23291 13439   Empty Tile 
unknown : 15 23291 13440   Empty Tile 
unknown : 15 23291 13441   Empty Tile 
unknown : 15 23292 13416   Empty Tile 
unknown : 15 23291 13442  
unknown : 15 23292 13417   Empty Tile 
unknown : 15 23292 13418  
unknown : 15 23292 13419  
unknown : 15 23292 13420   Empty Tile 
unknown : 15 23292 13421  
unknown : 15 23292 13422  
unknown : 15 23292 13423  
unknown : 15 23292 13424  
unknown : 15 23292 13425  
unknown : 15 23292 13426  
unknown : 15 23292 13429  
unknown : 15 23292 13428  
unknown : 15 23292 13427  
unknown : 15 23292 13430  
unknown : 15 23292 13433  
unknown : 15 23292 13434  
unknown : 15 23292 13431  
unknown : 15 23292 13432  
unknown : 15 23292 13438   Empty Tile 
unknown : 15 23292 13436  
unknown : 15 23292 13435  
unknown : 15 23292 13437  
unknown : 15 23292 13440   Empty Tile 
unknown : 15 23292 13439   Empty Tile 
unknown : 15 23292 13442   Empty Tile 
unknown : 15 23292 13441   Empty Tile 
unknown : 15 23293 13418  
unknown : 15 23293 13416   Empty Tile 
unknown : 15 23293 13419   Empty Tile 
unknown : 15 23293 13417  
unknown : 15 23293 13422  
unknown : 15 23293 13421  
unknown : 15 23293 13423  
unknown : 15 23293 13420   Empty Tile 
unknown : 15 23293 13427  
unknown : 15 23293 13425  
unknown : 15 23293 13426  
unknown : 15 23293 13424  
unknown : 15 23293 13431  
unknown : 15 23293 13429  
unknown : 15 23293 13430  
unknown : 15 23293 13428  
unknown : 15 23293 13434  
unknown : 15 23293 13432  
unknown : 15 23293 13435  
unknown : 15 23293 13433  
unknown : 15 23293 13439   Empty Tile 
unknown : 15 23293 13436  
unknown : 15 23293 13437  
unknown : 15 23293 13438  
unknown : 15 23293 13440  
unknown : 15 23293 13441  
unknown : 15 23293 13442   Empty Tile 
unknown : 15 23294 13416   Empty Tile 
unknown : 15 23294 13417  
unknown : 15 23294 13418  
unknown : 15 23294 13420   Empty Tile 
unknown : 15 23294 13419   Empty Tile 
unknown : 15 23294 13421  
unknown : 15 23294 13424  
unknown : 15 23294 13422  
unknown : 15 23294 13425  
unknown : 15 23294 13423   Empty Tile 
unknown : 15 23294 13429   Empty Tile 
unknown : 15 23294 13428  
unknown : 15 23294 13427  
unknown : 15 23294 13426  
unknown : 15 23294 13430  
unknown : 15 23294 13432  
unknown : 15 23294 13434  
unknown : 15 23294 13433  
unknown : 15 23294 13431  
unknown : 15 23294 13438  
unknown : 15 23294 13436  
unknown : 15 23294 13435  
unknown : 15 23294 13437   Empty Tile 
unknown : 15 23294 13442  
unknown : 15 23294 13441   Empty Tile 
unknown : 15 23294 13439  
unknown : 15 23294 13440  
unknown : 15 23295 13418   Empty Tile 
unknown : 15 23295 13416  
unknown : 15 23295 13419   Empty Tile 
unknown : 15 23295 13417  
unknown : 15 23295 13420   Empty Tile 
unknown : 15 23295 13421  
unknown : 15 23295 13423   Empty Tile 
unknown : 15 23295 13422  
unknown : 15 23295 13425  
unknown : 15 23295 13427  
unknown : 15 23295 13424  
unknown : 15 23295 13426  
unknown : 15 23295 13430  
unknown : 15 23295 13429   Empty Tile 
unknown : 15 23295 13431  
unknown : 15 23295 13428  
unknown : 15 23295 13433  
unknown : 15 23295 13432  
unknown : 15 23295 13435  
unknown : 15 23295 13434  
unknown : 15 23295 13438   Empty Tile 
unknown : 15 23295 13439  
unknown : 15 23295 13436  
unknown : 15 23295 13437   Empty Tile 
unknown : 15 23295 13440  
unknown : 15 23295 13442  
unknown : 15 23296 13416  
unknown : 15 23295 13441   Empty Tile 
unknown : 15 23296 13417  
unknown : 15 23296 13418   Empty Tile 
unknown : 15 23296 13420  
unknown : 15 23296 13419   Empty Tile 
unknown : 15 23296 13421  
unknown : 15 23296 13424   Empty Tile 
unknown : 15 23296 13422   Empty Tile 
unknown : 15 23296 13423   Empty Tile 
unknown : 15 23296 13425  
unknown : 15 23296 13428  
unknown : 15 23296 13427  
unknown : 15 23296 13426  
unknown : 15 23296 13429  
unknown : 15 23296 13433  
unknown : 15 23296 13430  
unknown : 15 23296 13432  
unknown : 15 23296 13431  
unknown : 15 23296 13434  
unknown : 15 23296 13437   Empty Tile 
unknown : 15 23296 13435   Empty Tile 
unknown : 15 23296 13436  
unknown : 15 23296 13439   Empty Tile 
unknown : 15 23296 13440  
unknown : 15 23296 13438   Empty Tile 
unknown : 15 23296 13441  
unknown : 15 23297 13418   Empty Tile 
unknown : 15 23297 13417   Empty Tile 
unknown : 15 23296 13442  
unknown : 15 23297 13416  
unknown : 15 23297 13421  
unknown : 15 23297 13422   Empty Tile 
unknown : 15 23297 13419   Empty Tile 
unknown : 15 23297 13420  
unknown : 15 23297 13426  
unknown : 15 23297 13423  
unknown : 15 23297 13424   Empty Tile 
unknown : 15 23297 13425   Empty Tile 
unknown : 15 23297 13427   Empty Tile 
unknown : 15 23297 13429  
unknown : 15 23297 13430  
unknown : 15 23297 13428  
unknown : 15 23297 13433  
unknown : 15 23297 13434  
unknown : 15 23297 13432  
unknown : 15 23297 13431  
unknown : 15 23297 13435  
unknown : 15 23297 13437  
unknown : 15 23297 13438  
unknown : 15 23297 13436  
unknown : 15 23297 13439  
unknown : 15 23297 13441  
unknown : 15 23297 13440  
unknown : 15 23297 13442  
unknown : 15 23298 13418   Empty Tile 
unknown : 15 23298 13416   Empty Tile 
unknown : 15 23298 13419   Empty Tile 
unknown : 15 23298 13417   Empty Tile 
unknown : 15 23298 13421  
unknown : 15 23298 13420  
unknown : 15 23298 13422   Empty Tile 
unknown : 15 23298 13423  
unknown : 15 23298 13426  
unknown : 15 23298 13424   Empty Tile 
unknown : 15 23298 13425   Empty Tile 
unknown : 15 23298 13427  
unknown : 15 23298 13428  
unknown : 15 23298 13429  
unknown : 15 23298 13431  
unknown : 15 23298 13430  
unknown : 15 23298 13435  
unknown : 15 23298 13432  
unknown : 15 23298 13434  
unknown : 15 23298 13433  
unknown : 15 23298 13436  
unknown : 15 23298 13439  
unknown : 15 23298 13438   Empty Tile 
unknown : 15 23298 13437  
unknown : 15 23298 13442   Empty Tile 
unknown : 15 23299 13416  
unknown : 15 23298 13441  
unknown : 15 23298 13440  
unknown : 15 23299 13418   Empty Tile 
unknown : 15 23299 13420  
unknown : 15 23299 13417   Empty Tile 
unknown : 15 23299 13419   Empty Tile 
unknown : 15 23299 13421  
unknown : 15 23299 13423  
unknown : 15 23299 13422   Empty Tile 
unknown : 15 23299 13424  
unknown : 15 23299 13426  
unknown : 15 23299 13427  
unknown : 15 23299 13425   Empty Tile 
unknown : 15 23299 13428  
unknown : 15 23299 13430  
unknown : 15 23299 13429  
unknown : 15 23299 13431  
unknown : 15 23299 13432  
unknown : 15 23299 13436  
unknown : 15 23299 13435  
unknown : 15 23299 13433  
unknown : 15 23299 13434  
unknown : 15 23299 13439  
unknown : 15 23299 13437  
unknown : 15 23299 13440  
unknown : 15 23299 13438  
unknown : 15 23300 13417  
unknown : 15 23299 13441  
unknown : 15 23299 13442   Empty Tile 
unknown : 15 23300 13416  
unknown : 15 23300 13419   Empty Tile 
unknown : 15 23300 13421   Empty Tile 
unknown : 15 23300 13418   Empty Tile 
unknown : 15 23300 13420  
unknown : 15 23300 13424  
unknown : 15 23300 13423   Empty Tile 
unknown : 15 23300 13425  
unknown : 15 23300 13422   Empty Tile 
unknown : 15 23300 13426  
unknown : 15 23300 13428  
unknown : 15 23300 13427  
unknown : 15 23300 13429  
unknown : 15 23300 13433  
unknown : 15 23300 13430  
unknown : 15 23300 13431  
unknown : 15 23300 13432  
unknown : 15 23300 13435  
unknown : 15 23300 13436  
unknown : 15 23300 13437  
unknown : 15 23300 13434  
unknown : 15 23300 13439   Empty Tile 
unknown : 15 23300 13438  
unknown : 15 23300 13440   Empty Tile 
unknown : 15 23300 13441   Empty Tile 
unknown : 15 23301 13418   Empty Tile 
unknown : 15 23301 13417  
unknown : 15 23301 13416  
unknown : 15 23300 13442   Empty Tile 
unknown : 15 23301 13419   Empty Tile 
unknown : 15 23301 13420  
unknown : 15 23301 13422   Empty Tile 
unknown : 15 23301 13421  
unknown : 15 23301 13423  
unknown : 15 23301 13425  
unknown : 15 23301 13426  
unknown : 15 23301 13424  
unknown : 15 23301 13427  
unknown : 15 23301 13429  
unknown : 15 23301 13428  
unknown : 15 23301 13430  
unknown : 15 23301 13431  
unknown : 15 23301 13433  
unknown : 15 23301 13434  
unknown : 15 23301 13435  
unknown : 15 23301 13432  
unknown : 15 23301 13436  
unknown : 15 23301 13437   Empty Tile 
unknown : 15 23301 13439   Empty Tile 
unknown : 15 23301 13438   Empty Tile 
unknown : 15 23301 13440   Empty Tile 
unknown : 15 23302 13416   Empty Tile 
unknown : 15 23301 13441  
unknown : 15 23301 13442   Empty Tile 
unknown : 15 23302 13419   Empty Tile 
unknown : 15 23302 13420   Empty Tile 
unknown : 15 23302 13417  
unknown : 15 23302 13418   Empty Tile 
unknown : 15 23302 13423   Empty Tile 
unknown : 15 23302 13422  
unknown : 15 23302 13421  
unknown : 15 23302 13424   Empty Tile 
unknown : 15 23302 13426   Empty Tile 
unknown : 15 23302 13428  
unknown : 15 23302 13425   Empty Tile 
unknown : 15 23302 13427  
unknown : 15 23302 13431  
unknown : 15 23302 13430  
unknown : 15 23302 13429  
unknown : 15 23302 13432  
unknown : 15 23302 13436  
unknown : 15 23302 13434  
unknown : 15 23302 13435  
unknown : 15 23302 13433  
unknown : 15 23302 13438  
unknown : 15 23302 13440  
unknown : 15 23302 13439  
unknown : 15 23302 13437  
unknown : 15 23302 13441  
unknown : 15 23303 13416   Empty Tile 
unknown : 15 23302 13442  
unknown : 15 23303 13417  
unknown : 15 23303 13418   Empty Tile 
unknown : 15 23303 13419   Empty Tile 
unknown : 15 23303 13421   Empty Tile 
unknown : 15 23303 13422  
unknown : 15 23303 13420   Empty Tile 
unknown : 15 23303 13425   Empty Tile 
unknown : 15 23303 13423  
unknown : 15 23303 13424   Empty Tile 
unknown : 15 23303 13426  
unknown : 15 23303 13427  
unknown : 15 23303 13429   Empty Tile 
unknown : 15 23303 13428  
unknown : 15 23303 13430   Empty Tile 
unknown : 15 23303 13431  
unknown : 15 23303 13432  
unknown : 15 23303 13433  
unknown : 15 23303 13434  
unknown : 15 23303 13435  
unknown : 15 23303 13437   Empty Tile 
unknown : 15 23303 13439   Empty Tile 
unknown : 15 23303 13436  
unknown : 15 23303 13438   Empty Tile 
unknown : 15 23303 13442  
unknown : 15 23303 13440   Empty Tile 
unknown : 15 23304 13416   Empty Tile 
unknown : 15 23303 13441   Empty Tile 
unknown : 15 23304 13417  
unknown : 15 23304 13420   Empty Tile 
unknown : 15 23304 13419   Empty Tile 
unknown : 15 23304 13418   Empty Tile 
unknown : 15 23304 13422  
unknown : 15 23304 13424   Empty Tile 
unknown : 15 23304 13421   Empty Tile 
unknown : 15 23304 13423  
unknown : 15 23304 13428  
unknown : 15 23304 13427   Empty Tile 
unknown : 15 23304 13426  
unknown : 15 23304 13425   Empty Tile 
unknown : 15 23304 13429   Empty Tile 
unknown : 15 23304 13432   Empty Tile 
unknown : 15 23304 13431   Empty Tile 
unknown : 15 23304 13430   Empty Tile 
unknown : 15 23304 13433  
unknown : 15 23304 13434  
unknown : 15 23304 13435  
unknown : 15 23304 13436   Empty Tile 
unknown : 15 23304 13439   Empty Tile 
unknown : 15 23304 13440   Empty Tile 
unknown : 15 23304 13437   Empty Tile 
unknown : 15 23304 13438   Empty Tile 
unknown : 15 23305 13417  
unknown : 15 23305 13416  
unknown : 15 23304 13441   Empty Tile 
unknown : 15 23304 13442   Empty Tile 
unknown : 15 23305 13418   Empty Tile 
unknown : 15 23305 13420   Empty Tile 
unknown : 15 23305 13419   Empty Tile 
unknown : 15 23305 13421   Empty Tile 
unknown : 15 23305 13424   Empty Tile 
unknown : 15 23305 13422  
unknown : 15 23305 13425   Empty Tile 
unknown : 15 23305 13423  
unknown : 15 23305 13427   Empty Tile 
unknown : 15 23305 13429  
unknown : 15 23305 13426  
unknown : 15 23305 13428  
unknown : 15 23305 13431   Empty Tile 
unknown : 15 23305 13430   Empty Tile 
unknown : 15 23305 13433  
unknown : 15 23305 13432  
unknown : 15 23305 13435  
unknown : 15 23305 13434  
unknown : 15 23305 13437   Empty Tile 
unknown : 15 23305 13436  
unknown : 15 23305 13439   Empty Tile 
unknown : 15 23305 13441   Empty Tile 
unknown : 15 23305 13438   Empty Tile 
unknown : 15 23305 13440   Empty Tile 
unknown : 15 23305 13442   Empty Tile 
/home/parveen/MeraMap/newmap/mapnik
render_tiles( (75.724000000000004, 30.73, 76.046999999999997, 30.969999999999999) /home/parveen/bin/mapnik/osm.xml /var/www/OSM/tiles/ 0 0 World )
Traceback (most recent call last):
  File "./z0_generate_tiles.py", line 209, in <module>
    render_tiles(bbox, mapfile, tile_dir, 0, 0, "World")
  File "./z0_generate_tiles.py", line 137, in render_tiles
    os.mkdir(tile_dir)
OSError: [Errno 2] No such file or directory: '/var/www/OSM/tiles/'
/home/parveen/MeraMap/newmap/mapnik
render_tiles( (75.724000000000004, 30.73, 76.046999999999997, 30.969999999999999) /home/parveen/bin/mapnik/osm.xml /var/www/OSM/tiles/ 0 0 World )
Traceback (most recent call last):
  File "./z0_generate_tiles.py", line 209, in <module>
    render_tiles(bbox, mapfile, tile_dir, 0, 0, "World")
  File "./z0_generate_tiles.py", line 137, in render_tiles
    os.mkdir(tile_dir)
OSError: [Errno 2] No such file or directory: '/var/www/OSM/tiles/'
/home/parveen/MeraMap/newmap/mapnik
render_tiles( (75.724000000000004, 30.73, 76.046999999999997, 30.969999999999999) mapnik/osm.xml /var/www/OSM/tiles/ 0 0 World )
Traceback (most recent call last):
  File "./z0_generate_tiles.py", line 209, in <module>
    render_tiles(bbox, mapfile, tile_dir, 0, 0, "World")
  File "./z0_generate_tiles.py", line 130, in render_tiles
    renderer = RenderThread(tile_dir, mapfile, queue, printLock, maxZoom)
  File "./z0_generate_tiles.py", line 59, in __init__
    mapnik.load_map(self.m, mapfile, True)
RuntimeError: Could not load map file 'mapnik/osm.xml': File does not exist
/home/parveen/MeraMap/newmap/mapnik
render_tiles( (75.724000000000004, 30.73, 76.046999999999997, 30.969999999999999) mapnik/osm.xml /var/www/OSM/tiles/ 0 0 World )
Traceback (most recent call last):
  File "./z0_generate_tiles.py", line 209, in <module>
    render_tiles(bbox, mapfile, tile_dir, 0, 0, "World")
  File "./z0_generate_tiles.py", line 130, in render_tiles
    renderer = RenderThread(tile_dir, mapfile, queue, printLock, maxZoom)
  File "./z0_generate_tiles.py", line 59, in __init__
    mapnik.load_map(self.m, mapfile, True)
RuntimeError: Could not load map file 'mapnik/osm.xml': File does not exist
/home/parveen/MeraMap/newmap/mapnik
render_tiles( (75.724000000000004, 30.73, 76.046999999999997, 30.969999999999999) mapnik/osm.xml /var/www/OSM/tiles/ 0 0 World )
Traceback (most recent call last):
  File "./z0_generate_tiles.py", line 209, in <module>
    render_tiles(bbox, mapfile, tile_dir, 0, 0, "World")
  File "./z0_generate_tiles.py", line 130, in render_tiles
    renderer = RenderThread(tile_dir, mapfile, queue, printLock, maxZoom)
  File "./z0_generate_tiles.py", line 59, in __init__
    mapnik.load_map(self.m, mapfile, True)
RuntimeError: Could not load map file 'mapnik/osm.xml': File does not exist
/home/parveen/MeraMap/newmap/mapnik
render_tiles( (75.724000000000004, 30.73, 76.046999999999997, 30.969999999999999) mapnik/osm.xml /var/www/OSM/tiles/ 0 0 World )
Traceback (most recent call last):
  File "./z0_generate_tiles.py", line 209, in <module>
    render_tiles(bbox, mapfile, tile_dir, 0, 0, "World")
  File "./z0_generate_tiles.py", line 130, in render_tiles
    renderer = RenderThread(tile_dir, mapfile, queue, printLock, maxZoom)
  File "./z0_generate_tiles.py", line 59, in __init__
    mapnik.load_map(self.m, mapfile, True)
RuntimeError: Could not load map file 'mapnik/osm.xml': File does not exist
/home/parveen/MeraMap/newmap/mapnik
render_tiles( (75.724000000000004, 30.73, 76.046999999999997, 30.969999999999999) mapnik/osm.xml /var/www/OSM/tiles/ 0 0 World )
Traceback (most recent call last):
  File "./z0_generate_tiles.py", line 209, in <module>
    render_tiles(bbox, mapfile, tile_dir, 0, 0, "World")
  File "./z0_generate_tiles.py", line 130, in render_tiles
    renderer = RenderThread(tile_dir, mapfile, queue, printLock, maxZoom)
  File "./z0_generate_tiles.py", line 59, in __init__
    mapnik.load_map(self.m, mapfile, True)
RuntimeError: Could not load map file 'mapnik/osm.xml': File does not exist
/home/parveen/MeraMap/newmap/mapnik
render_tiles( (75.724000000000004, 30.73, 76.046999999999997, 30.969999999999999) /home/parveen/MeraMap/newmap/mapnik/osm.xml /var/www/OSM/tiles/ 0 0 World )
Traceback (most recent call last):
  File "./z0_generate_tiles.py", line 209, in <module>
    render_tiles(bbox, mapfile, tile_dir, 0, 0, "World")
  File "./z0_generate_tiles.py", line 130, in render_tiles
    renderer = RenderThread(tile_dir, mapfile, queue, printLock, maxZoom)
  File "./z0_generate_tiles.py", line 59, in __init__
    mapnik.load_map(self.m, mapfile, True)
RuntimeError: Failed to load image file '/home/parveen/MeraMap/newmap/mapnik/mapnik/symbols/turning_circle.15.png': cannot open image file /home/parveen/MeraMap/newmap/mapnik/mapnik/symbols/turning_circle.15.png in PointSymbolizer in style 'turning_circle'
/home/parveen/MeraMap/newmap/mapnik
render_tiles( (75.724000000000004, 30.73, 76.046999999999997, 30.969999999999999) /home/parveen/MeraMap/newmap/mapnik/osm.xml /var/www/OSM/tiles/ 0 0 World )
Traceback (most recent call last):
  File "./z0_generate_tiles.py", line 209, in <module>
    render_tiles(bbox, mapfile, tile_dir, 0, 0, "World")
  File "./z0_generate_tiles.py", line 130, in render_tiles
    renderer = RenderThread(tile_dir, mapfile, queue, printLock, maxZoom)
  File "./z0_generate_tiles.py", line 59, in __init__
    mapnik.load_map(self.m, mapfile, True)
RuntimeError: Failed to load image file '/home/parveen/MeraMap/newmap/mapnik/mapnik/symbols/turning_circle.15.png': cannot open image file /home/parveen/MeraMap/newmap/mapnik/mapnik/symbols/turning_circle.15.png in PointSymbolizer in style 'turning_circle'
/home/parveen/MeraMap/newmap/mapnik
render_tiles( (75.724000000000004, 30.73, 76.046999999999997, 30.969999999999999) /home/parveen/MeraMap/newmap/mapnik/osm.xml /var/www/OSM/tiles/ 0 0 World )
Traceback (most recent call last):
  File "./z0_generate_tiles.py", line 209, in <module>
    render_tiles(bbox, mapfile, tile_dir, 0, 0, "World")
  File "./z0_generate_tiles.py", line 130, in render_tiles
    renderer = RenderThread(tile_dir, mapfile, queue, printLock, maxZoom)
  File "./z0_generate_tiles.py", line 59, in __init__
    mapnik.load_map(self.m, mapfile, True)
RuntimeError: Failed to load image file '/home/parveen/MeraMap/newmap/mapnik/mapnik/symbols/turning_circle.15.png': cannot open image file /home/parveen/MeraMap/newmap/mapnik/mapnik/symbols/turning_circle.15.png in PointSymbolizer in style 'turning_circle'
/home/parveen/MeraMap/newmap/mapnik
render_tiles( (75.724000000000004, 30.73, 76.046999999999997, 30.969999999999999) /home/parveen/MeraMap/newmap/mapnik/osm.xml /var/www/OSM/tiles/ 0 0 World )
Traceback (most recent call last):
  File "./z0_generate_tiles.py", line 209, in <module>
    render_tiles(bbox, mapfile, tile_dir, 0, 0, "World")
  File "./z0_generate_tiles.py", line 130, in render_tiles
    renderer = RenderThread(tile_dir, mapfile, queue, printLock, maxZoom)
  File "./z0_generate_tiles.py", line 59, in __init__
    mapnik.load_map(self.m, mapfile, True)
RuntimeError: Failed to load image file '/home/parveen/MeraMap/newmap/mapnik/mapnik/symbols/turning_circle.15.png': cannot open image file /home/parveen/MeraMap/newmap/mapnik/mapnik/symbols/turning_circle.15.png in PointSymbolizer in style 'turning_circle'
/home/parveen/MeraMap/newmap/mapnik
render_tiles( (75.724000000000004, 30.73, 76.046999999999997, 30.969999999999999) mapnik/osm.xml /var/www/OSM/tiles/ 0 0 World )
Traceback (most recent call last):
  File "./z0_generate_tiles.py", line 209, in <module>
    render_tiles(bbox, mapfile, tile_dir, 0, 0, "World")
  File "./z0_generate_tiles.py", line 130, in render_tiles
    renderer = RenderThread(tile_dir, mapfile, queue, printLock, maxZoom)
  File "./z0_generate_tiles.py", line 59, in __init__
    mapnik.load_map(self.m, mapfile, True)
RuntimeError: Could not load map file 'mapnik/osm.xml': File does not exist
/home/parveen/MeraMap/newmap/mapnik
render_tiles( (75.724000000000004, 30.73, 76.046999999999997, 30.969999999999999) mapnik/osm.xml /var/www/OSM/tiles/ 0 0 World )
Traceback (most recent call last):
  File "./z0_generate_tiles.py", line 209, in <module>
    render_tiles(bbox, mapfile, tile_dir, 0, 0, "World")
  File "./z0_generate_tiles.py", line 130, in render_tiles
    renderer = RenderThread(tile_dir, mapfile, queue, printLock, maxZoom)
  File "./z0_generate_tiles.py", line 59, in __init__
    mapnik.load_map(self.m, mapfile, True)
RuntimeError: Could not load map file 'mapnik/osm.xml': File does not exist
/home/parveen/MeraMap/newmap/mapnik
render_tiles( (75.724000000000004, 30.73, 76.046999999999997, 30.969999999999999) mapnik/osm.xml /var/www/OSM/tiles/ 0 0 World )
Traceback (most recent call last):
  File "./z0_generate_tiles.py", line 209, in <module>
    render_tiles(bbox, mapfile, tile_dir, 0, 0, "World")
  File "./z0_generate_tiles.py", line 130, in render_tiles
    renderer = RenderThread(tile_dir, mapfile, queue, printLock, maxZoom)
  File "./z0_generate_tiles.py", line 59, in __init__
    mapnik.load_map(self.m, mapfile, True)
RuntimeError: Could not load map file 'mapnik/osm.xml': File does not exist
/home/parveen/MeraMap/newmap/mapnik
render_tiles( (75.724000000000004, 30.73, 76.046999999999997, 30.969999999999999) mapnik/osm.xml /var/www/OSM/tiles/ 0 0 World )
Traceback (most recent call last):
  File "./z0_generate_tiles.py", line 209, in <module>
    render_tiles(bbox, mapfile, tile_dir, 0, 0, "World")
  File "./z0_generate_tiles.py", line 130, in render_tiles
    renderer = RenderThread(tile_dir, mapfile, queue, printLock, maxZoom)
  File "./z0_generate_tiles.py", line 59, in __init__
    mapnik.load_map(self.m, mapfile, True)
RuntimeError: Could not load map file 'mapnik/osm.xml': File does not exist
/home/parveen/MeraMap/newmap/mapnik
render_tiles( (75.724000000000004, 30.73, 76.046999999999997, 30.969999999999999) mapnik/osm.xml /var/www/OSM/tiles/ 0 0 World )
Traceback (most recent call last):
  File "./z0_generate_tiles.py", line 209, in <module>
    render_tiles(bbox, mapfile, tile_dir, 0, 0, "World")
  File "./z0_generate_tiles.py", line 130, in render_tiles
    renderer = RenderThread(tile_dir, mapfile, queue, printLock, maxZoom)
  File "./z0_generate_tiles.py", line 59, in __init__
    mapnik.load_map(self.m, mapfile, True)
RuntimeError: Could not load map file 'mapnik/osm.xml': File does not exist
/home/parveen/MeraMap/newmap/mapnik
render_tiles( (75.724000000000004, 30.73, 76.046999999999997, 30.969999999999999) mapnik/osm.xml /var/www/OSM/tiles/ 0 0 World )
Traceback (most recent call last):
  File "./z0_generate_tiles.py", line 209, in <module>
    render_tiles(bbox, mapfile, tile_dir, 0, 0, "World")
  File "./z0_generate_tiles.py", line 130, in render_tiles
    renderer = RenderThread(tile_dir, mapfile, queue, printLock, maxZoom)
  File "./z0_generate_tiles.py", line 59, in __init__
    mapnik.load_map(self.m, mapfile, True)
RuntimeError: Could not load map file 'mapnik/osm.xml': File does not exist
/home/parveen/MeraMap/newmap/mapnik
render_tiles( (75.724000000000004, 30.73, 76.046999999999997, 30.969999999999999) /home/parveen/bin/mapnik/osm.xml /var/www/OSM/tiles/ 0 0 World )
Traceback (most recent call last):
  File "./z0_generate_tiles.py", line 209, in <module>
    render_tiles(bbox, mapfile, tile_dir, 0, 0, "World")
  File "./z0_generate_tiles.py", line 151, in render_tiles
    os.mkdir(tile_dir + zoom)
OSError: [Errno 13] Permission denied: '/var/www/OSM/tiles/0'
/home/parveen/MeraMap/newmap/mapnik
render_tiles( (75.724000000000004, 30.73, 76.046999999999997, 30.969999999999999) /home/parveen/bin/mapnik/osm.xml /var/www/OSM/tiles/ 0 0 World )
Traceback (most recent call last):
  File "./z0_generate_tiles.py", line 209, in <module>
    render_tiles(bbox, mapfile, tile_dir, 0, 0, "World")
  File "./z0_generate_tiles.py", line 151, in render_tiles
    os.mkdir(tile_dir + zoom)
OSError: [Errno 13] Permission denied: '/var/www/OSM/tiles/0'
/home/parveen/MeraMap/newmap/mapnik
